2024-06-11 23:51:29.268 [main] INFO  c.e.stockData.StockDataApplication - Starting StockDataApplication v0.0.1-SNAPSHOT using Java 17.0.11 with PID 1 (/BOOT-INF/classes started by appuser in /)
2024-06-11 23:51:29.370 [main] INFO  c.e.stockData.StockDataApplication - No active profile set, falling back to 1 default profile: "default"
2024-06-11 23:52:14.435 [main] INFO  c.e.stockData.StockDataApplication - Started StockDataApplication in 51.767 seconds (process running for 58.301)
2024-06-11 23:52:14.470 [main] INFO  c.e.stockData.StockDataApplication - application started suaveira
2024-06-12 00:19:42.505 [http-nio-8090-exec-1] INFO  c.e.s.controllers.StockController - user attempt to save stock
2024-06-12 00:24:14.875 [http-nio-8090-exec-3] INFO  c.e.s.controllers.StockController - user attempt to save stock
2024-06-12 00:24:20.260 [http-nio-8090-exec-4] INFO  c.e.s.controllers.StockController - user attempt to save stock
2024-06-19 19:09:34.805 [main] INFO  c.e.stockData.StockDataApplication - Starting StockDataApplication v0.0.1-SNAPSHOT using Java 17.0.11 with PID 1 (/BOOT-INF/classes started by appuser in /)
2024-06-19 19:09:34.826 [main] INFO  c.e.stockData.StockDataApplication - No active profile set, falling back to 1 default profile: "default"
2024-06-19 19:10:08.054 [main] INFO  c.e.stockData.StockDataApplication - Started StockDataApplication in 38.974 seconds (process running for 45.27)
2024-06-19 19:10:08.085 [main] INFO  c.e.stockData.StockDataApplication - application started suaveira
2024-06-23 20:40:25.914 [main] INFO  c.e.stockData.StockDataApplication - Starting StockDataApplication v0.0.1-SNAPSHOT using Java 17.0.11 with PID 1 (/BOOT-INF/classes started by appuser in /)
2024-06-23 20:40:25.972 [main] INFO  c.e.stockData.StockDataApplication - No active profile set, falling back to 1 default profile: "default"
2024-06-23 20:41:26.475 [main] INFO  c.e.stockData.StockDataApplication - Started StockDataApplication in 69.857 seconds (process running for 81.74)
2024-06-23 20:41:26.517 [main] INFO  c.e.stockData.StockDataApplication - application started suaveira
2024-06-24 16:25:16.074 [main] INFO  c.e.stockData.StockDataApplication - Starting StockDataApplication v0.0.1-SNAPSHOT using Java 17.0.11 with PID 1 (/BOOT-INF/classes started by appuser in /)
2024-06-24 16:25:16.091 [main] INFO  c.e.stockData.StockDataApplication - No active profile set, falling back to 1 default profile: "default"
2024-06-24 16:25:41.675 [main] INFO  c.e.stockData.StockDataApplication - Started StockDataApplication in 31.242 seconds (process running for 52.826)
2024-06-24 16:25:41.711 [main] INFO  c.e.stockData.StockDataApplication - application started suaveira
2024-06-24 16:52:50.877 [main] INFO  c.e.stockData.StockDataApplication - Starting StockDataApplication v0.0.1-SNAPSHOT using Java 17.0.11 with PID 1 (/BOOT-INF/classes started by appuser in /)
2024-06-24 16:52:51.034 [main] INFO  c.e.stockData.StockDataApplication - No active profile set, falling back to 1 default profile: "default"
2024-06-24 16:54:38.182 [main] INFO  c.e.stockData.StockDataApplication - Started StockDataApplication in 142.929 seconds (process running for 176.893)
2024-06-24 16:54:38.267 [main] INFO  c.e.stockData.StockDataApplication - application started suaveira
2024-06-25 23:05:13.913 [main] INFO  c.e.stockData.StockDataApplication - Starting StockDataApplication v0.0.1-SNAPSHOT using Java 17.0.11 with PID 1 (/BOOT-INF/classes started by appuser in /)
2024-06-25 23:05:13.964 [main] INFO  c.e.stockData.StockDataApplication - No active profile set, falling back to 1 default profile: "default"
2024-06-25 23:06:41.428 [main] INFO  c.e.stockData.StockDataApplication - Started StockDataApplication in 96.939 seconds (process running for 105.482)
2024-06-25 23:06:41.465 [main] INFO  c.e.stockData.StockDataApplication - application started suaveira
2024-06-26 00:56:56.229 [main] INFO  c.e.stockData.StockDataApplication - Starting StockDataApplication v0.0.1-SNAPSHOT using Java 17.0.11 with PID 1 (/BOOT-INF/classes started by appuser in /)
2024-06-26 00:56:56.326 [main] INFO  c.e.stockData.StockDataApplication - No active profile set, falling back to 1 default profile: "default"
2024-06-26 00:58:01.977 [main] INFO  c.e.stockData.StockDataApplication - Started StockDataApplication in 72.653 seconds (process running for 85.76)
2024-06-26 00:58:02.042 [main] INFO  c.e.stockData.StockDataApplication - application started suaveira
2024-06-26 01:08:20.134 [main] INFO  c.e.stockData.StockDataApplication - Starting StockDataApplication v0.0.1-SNAPSHOT using Java 17.0.11 with PID 1 (/BOOT-INF/classes started by appuser in /)
2024-06-26 01:08:20.307 [main] INFO  c.e.stockData.StockDataApplication - No active profile set, falling back to 1 default profile: "default"
2024-06-26 01:10:26.243 [main] INFO  c.e.stockData.StockDataApplication - Started StockDataApplication in 145.845 seconds (process running for 173.75)
2024-06-26 01:10:26.291 [main] INFO  c.e.stockData.StockDataApplication - application started suaveira
2024-06-26 18:59:32.175 [main] INFO  c.e.stockData.StockDataApplication - Starting StockDataApplication v0.0.1-SNAPSHOT using Java 17.0.11 with PID 1 (/BOOT-INF/classes started by appuser in /)
2024-06-26 18:59:32.248 [main] INFO  c.e.stockData.StockDataApplication - No active profile set, falling back to 1 default profile: "default"
2024-06-26 19:00:04.857 [main] INFO  c.e.stockData.StockDataApplication - Started StockDataApplication in 39.584 seconds (process running for 48.904)
2024-06-26 19:00:04.931 [main] INFO  c.e.stockData.StockDataApplication - application started suaveira
2024-06-26 19:18:22.816 [main] INFO  c.e.stockData.StockDataApplication - Starting StockDataApplication v0.0.1-SNAPSHOT using Java 17.0.11 with PID 1 (/BOOT-INF/classes started by appuser in /)
2024-06-26 19:18:22.864 [main] INFO  c.e.stockData.StockDataApplication - No active profile set, falling back to 1 default profile: "default"
2024-06-26 19:20:06.432 [main] INFO  c.e.stockData.StockDataApplication - Started StockDataApplication in 127.765 seconds (process running for 160.863)
2024-06-26 19:20:06.528 [main] INFO  c.e.stockData.StockDataApplication - application started suaveira
2024-06-26 19:31:22.610 [main] INFO  c.e.stockData.StockDataApplication - Starting StockDataApplication v0.0.1-SNAPSHOT using Java 17.0.11 with PID 1 (/BOOT-INF/classes started by appuser in /)
2024-06-26 19:31:22.732 [main] INFO  c.e.stockData.StockDataApplication - No active profile set, falling back to 1 default profile: "default"
2024-06-26 19:31:49.625 [main] INFO  c.e.stockData.StockDataApplication - Started StockDataApplication in 34.706 seconds (process running for 52.716)
2024-06-26 19:31:49.669 [main] INFO  c.e.stockData.StockDataApplication - application started suaveira
2024-06-26 19:46:31.986 [http-nio-8090-exec-2] INFO  c.e.stockData.services.StockService - User saved new stock on database, stock: NFLX
2024-06-26 19:46:31.996 [http-nio-8090-exec-2] INFO  c.e.s.controllers.StockController - user attempt to save stock
2024-06-26 19:47:13.429 [http-nio-8090-exec-3] INFO  c.e.s.controllers.StockController - user attempt to save stock
2024-06-26 19:47:20.896 [http-nio-8090-exec-4] INFO  c.e.s.controllers.StockController - user attempt to save stock
2024-06-26 20:06:55.734 [main] INFO  c.e.stockData.StockDataApplication - Starting StockDataApplication v0.0.1-SNAPSHOT using Java 17.0.11 with PID 1 (/BOOT-INF/classes started by appuser in /)
2024-06-26 20:06:55.759 [main] INFO  c.e.stockData.StockDataApplication - No active profile set, falling back to 1 default profile: "default"
2024-06-26 20:08:36.749 [main] INFO  c.e.stockData.StockDataApplication - Started StockDataApplication in 115.926 seconds (process running for 141.209)
2024-06-26 20:08:36.784 [main] INFO  c.e.stockData.StockDataApplication - application started suaveira
2024-06-26 20:41:45.103 [main] INFO  c.e.stockData.StockDataApplication - Starting StockDataApplication v0.0.1-SNAPSHOT using Java 17.0.11 with PID 1 (/BOOT-INF/classes started by appuser in /)
2024-06-26 20:41:45.226 [main] INFO  c.e.stockData.StockDataApplication - No active profile set, falling back to 1 default profile: "default"
2024-06-26 20:43:00.217 [main] INFO  c.e.stockData.StockDataApplication - Started StockDataApplication in 92.94 seconds (process running for 121.405)
2024-06-26 20:43:00.948 [main] INFO  c.e.stockData.StockDataApplication - application started suaveira
2024-06-26 22:37:20.208 [main] INFO  c.e.stockData.StockDataApplication - Starting StockDataApplication v0.0.1-SNAPSHOT using Java 17.0.11 with PID 1 (/BOOT-INF/classes started by appuser in /)
2024-06-26 22:37:20.233 [main] INFO  c.e.stockData.StockDataApplication - No active profile set, falling back to 1 default profile: "default"
2024-06-26 22:39:01.583 [main] INFO  c.e.stockData.StockDataApplication - Started StockDataApplication in 123.792 seconds (process running for 159.301)
2024-06-26 22:39:01.671 [main] INFO  c.e.stockData.StockDataApplication - application started suaveira
2024-06-26 22:48:29.196 [http-nio-8090-exec-2] INFO  c.e.s.controllers.StockController - user attempt to save stock
2024-06-26 22:48:47.265 [http-nio-8090-exec-1] INFO  c.e.s.controllers.StockController - user attempt to save stock
2024-06-26 22:48:56.608 [http-nio-8090-exec-3] INFO  c.e.s.controllers.StockController - user attempt to save stock
2024-06-26 22:49:04.540 [http-nio-8090-exec-4] INFO  c.e.s.controllers.StockController - user attempt to save stock
2024-06-29 22:11:30.526 [main] INFO  c.e.stockData.StockDataApplication - Starting StockDataApplication v0.0.1-SNAPSHOT using Java 17.0.11 with PID 1 (/BOOT-INF/classes started by appuser in /)
2024-06-29 22:11:30.597 [main] INFO  c.e.stockData.StockDataApplication - No active profile set, falling back to 1 default profile: "default"
2024-06-29 22:12:21.561 [main] INFO  c.e.stockData.StockDataApplication - Started StockDataApplication in 57.279 seconds (process running for 64.028)
2024-06-29 22:12:21.583 [main] INFO  c.e.stockData.StockDataApplication - application started suaveira
2024-06-29 22:22:44.783 [main] INFO  c.e.stockData.StockDataApplication - Starting StockDataApplication v0.0.1-SNAPSHOT using Java 17.0.11 with PID 1 (/BOOT-INF/classes started by appuser in /)
2024-06-29 22:22:44.820 [main] INFO  c.e.stockData.StockDataApplication - No active profile set, falling back to 1 default profile: "default"
2024-06-29 22:23:24.746 [main] INFO  c.e.stockData.StockDataApplication - Started StockDataApplication in 49.726 seconds (process running for 55.982)
2024-06-29 22:23:24.762 [main] INFO  c.e.stockData.StockDataApplication - application started suaveira
2024-06-29 22:32:52.725 [http-nio-8090-exec-1] INFO  c.e.s.controllers.StockController - user attempt to save stock
2024-06-29 22:32:52.844 [http-nio-8090-exec-1] WARN  c.e.stockData.services.StockService - User tried to find stock that doesn't exist on database, stock: INVALIDSTOCKSYMBOL
2024-06-29 22:32:52.863 [http-nio-8090-exec-1] ERROR c.e.s.i.ControllerExceptionHandler - Error caught by controller exception handler
com.example.stockData.exceptions.InvalidSymbolException: Stock not found
	at com.example.stockData.services.StockService.findBySymbol(StockService.java:66)
	at com.example.stockData.controllers.StockController.getBySymbol(StockController.java:40)
	at java.base/jdk.internal.reflect.NativeMethodAccessorImpl.invoke0(Native Method)
	at java.base/jdk.internal.reflect.NativeMethodAccessorImpl.invoke(Unknown Source)
	at java.base/jdk.internal.reflect.DelegatingMethodAccessorImpl.invoke(Unknown Source)
	at java.base/java.lang.reflect.Method.invoke(Unknown Source)
	at org.springframework.web.method.support.InvocableHandlerMethod.doInvoke(InvocableHandlerMethod.java:255)
	at org.springframework.web.method.support.InvocableHandlerMethod.invokeForRequest(InvocableHandlerMethod.java:188)
	at org.springframework.web.servlet.mvc.method.annotation.ServletInvocableHandlerMethod.invokeAndHandle(ServletInvocableHandlerMethod.java:118)
	at org.springframework.web.servlet.mvc.method.annotation.RequestMappingHandlerAdapter.invokeHandlerMethod(RequestMappingHandlerAdapter.java:925)
	at org.springframework.web.servlet.mvc.method.annotation.RequestMappingHandlerAdapter.handleInternal(RequestMappingHandlerAdapter.java:830)
	at org.springframework.web.servlet.mvc.method.AbstractHandlerMethodAdapter.handle(AbstractHandlerMethodAdapter.java:87)
	at org.springframework.web.servlet.DispatcherServlet.doDispatch(DispatcherServlet.java:1089)
	at org.springframework.web.servlet.DispatcherServlet.doService(DispatcherServlet.java:979)
	at org.springframework.web.servlet.FrameworkServlet.processRequest(FrameworkServlet.java:1014)
	at org.springframework.web.servlet.FrameworkServlet.doGet(FrameworkServlet.java:903)
	at jakarta.servlet.http.HttpServlet.service(HttpServlet.java:564)
	at org.springframework.web.servlet.FrameworkServlet.service(FrameworkServlet.java:885)
	at jakarta.servlet.http.HttpServlet.service(HttpServlet.java:658)
	at org.apache.catalina.core.ApplicationFilterChain.internalDoFilter(ApplicationFilterChain.java:205)
	at org.apache.catalina.core.ApplicationFilterChain.doFilter(ApplicationFilterChain.java:149)
	at org.apache.tomcat.websocket.server.WsFilter.doFilter(WsFilter.java:51)
	at org.apache.catalina.core.ApplicationFilterChain.internalDoFilter(ApplicationFilterChain.java:174)
	at org.apache.catalina.core.ApplicationFilterChain.doFilter(ApplicationFilterChain.java:149)
	at org.springframework.web.filter.CompositeFilter$VirtualFilterChain.doFilter(CompositeFilter.java:108)
	at org.springframework.security.web.FilterChainProxy.lambda$doFilterInternal$3(FilterChainProxy.java:231)
	at org.springframework.security.web.FilterChainProxy$VirtualFilterChain.doFilter(FilterChainProxy.java:365)
	at org.springframework.security.web.access.intercept.AuthorizationFilter.doFilter(AuthorizationFilter.java:100)
	at org.springframework.security.web.FilterChainProxy$VirtualFilterChain.doFilter(FilterChainProxy.java:374)
	at org.springframework.security.web.access.ExceptionTranslationFilter.doFilter(ExceptionTranslationFilter.java:126)
	at org.springframework.security.web.access.ExceptionTranslationFilter.doFilter(ExceptionTranslationFilter.java:120)
	at org.springframework.security.web.FilterChainProxy$VirtualFilterChain.doFilter(FilterChainProxy.java:374)
	at org.springframework.security.web.authentication.AnonymousAuthenticationFilter.doFilter(AnonymousAuthenticationFilter.java:100)
	at org.springframework.security.web.FilterChainProxy$VirtualFilterChain.doFilter(FilterChainProxy.java:374)
	at org.springframework.security.web.servletapi.SecurityContextHolderAwareRequestFilter.doFilter(SecurityContextHolderAwareRequestFilter.java:179)
	at org.springframework.security.web.FilterChainProxy$VirtualFilterChain.doFilter(FilterChainProxy.java:374)
	at org.springframework.security.web.savedrequest.RequestCacheAwareFilter.doFilter(RequestCacheAwareFilter.java:63)
	at org.springframework.security.web.FilterChainProxy$VirtualFilterChain.doFilter(FilterChainProxy.java:374)
	at org.springframework.security.oauth2.server.resource.web.authentication.BearerTokenAuthenticationFilter.doFilterInternal(BearerTokenAuthenticationFilter.java:128)
	at org.springframework.web.filter.OncePerRequestFilter.doFilter(OncePerRequestFilter.java:116)
	at org.springframework.security.web.FilterChainProxy$VirtualFilterChain.doFilter(FilterChainProxy.java:374)
	at org.springframework.security.web.authentication.logout.LogoutFilter.doFilter(LogoutFilter.java:107)
	at org.springframework.security.web.authentication.logout.LogoutFilter.doFilter(LogoutFilter.java:93)
	at org.springframework.security.web.FilterChainProxy$VirtualFilterChain.doFilter(FilterChainProxy.java:374)
	at org.springframework.security.web.csrf.CsrfFilter.doFilterInternal(CsrfFilter.java:117)
	at org.springframework.web.filter.OncePerRequestFilter.doFilter(OncePerRequestFilter.java:116)
	at org.springframework.security.web.FilterChainProxy$VirtualFilterChain.doFilter(FilterChainProxy.java:374)
	at org.springframework.web.filter.CorsFilter.doFilterInternal(CorsFilter.java:91)
	at org.springframework.web.filter.OncePerRequestFilter.doFilter(OncePerRequestFilter.java:116)
	at org.springframework.security.web.FilterChainProxy$VirtualFilterChain.doFilter(FilterChainProxy.java:374)
	at org.springframework.security.web.header.HeaderWriterFilter.doHeadersAfter(HeaderWriterFilter.java:90)
	at org.springframework.security.web.header.HeaderWriterFilter.doFilterInternal(HeaderWriterFilter.java:75)
	at org.springframework.web.filter.OncePerRequestFilter.doFilter(OncePerRequestFilter.java:116)
	at org.springframework.security.web.FilterChainProxy$VirtualFilterChain.doFilter(FilterChainProxy.java:374)
	at org.springframework.security.web.context.SecurityContextHolderFilter.doFilter(SecurityContextHolderFilter.java:82)
	at org.springframework.security.web.context.SecurityContextHolderFilter.doFilter(SecurityContextHolderFilter.java:69)
	at org.springframework.security.web.FilterChainProxy$VirtualFilterChain.doFilter(FilterChainProxy.java:374)
	at org.springframework.security.web.context.request.async.WebAsyncManagerIntegrationFilter.doFilterInternal(WebAsyncManagerIntegrationFilter.java:62)
	at org.springframework.web.filter.OncePerRequestFilter.doFilter(OncePerRequestFilter.java:116)
	at org.springframework.security.web.FilterChainProxy$VirtualFilterChain.doFilter(FilterChainProxy.java:374)
	at org.springframework.security.web.session.DisableEncodeUrlFilter.doFilterInternal(DisableEncodeUrlFilter.java:42)
	at org.springframework.web.filter.OncePerRequestFilter.doFilter(OncePerRequestFilter.java:116)
	at org.springframework.security.web.FilterChainProxy$VirtualFilterChain.doFilter(FilterChainProxy.java:374)
	at org.springframework.security.web.FilterChainProxy.doFilterInternal(FilterChainProxy.java:233)
	at org.springframework.security.web.FilterChainProxy.doFilter(FilterChainProxy.java:191)
	at org.springframework.web.filter.CompositeFilter$VirtualFilterChain.doFilter(CompositeFilter.java:113)
	at org.springframework.web.servlet.handler.HandlerMappingIntrospector.lambda$createCacheFilter$3(HandlerMappingIntrospector.java:195)
	at org.springframework.web.filter.CompositeFilter$VirtualFilterChain.doFilter(CompositeFilter.java:113)
	at org.springframework.web.filter.CompositeFilter.doFilter(CompositeFilter.java:74)
	at org.springframework.security.config.annotation.web.configuration.WebMvcSecurityConfiguration$CompositeFilterChainProxy.doFilter(WebMvcSecurityConfiguration.java:230)
	at org.springframework.web.filter.DelegatingFilterProxy.invokeDelegate(DelegatingFilterProxy.java:352)
	at org.springframework.web.filter.DelegatingFilterProxy.doFilter(DelegatingFilterProxy.java:268)
	at org.apache.catalina.core.ApplicationFilterChain.internalDoFilter(ApplicationFilterChain.java:174)
	at org.apache.catalina.core.ApplicationFilterChain.doFilter(ApplicationFilterChain.java:149)
	at org.springframework.web.filter.RequestContextFilter.doFilterInternal(RequestContextFilter.java:100)
	at org.springframework.web.filter.OncePerRequestFilter.doFilter(OncePerRequestFilter.java:116)
	at org.apache.catalina.core.ApplicationFilterChain.internalDoFilter(ApplicationFilterChain.java:174)
	at org.apache.catalina.core.ApplicationFilterChain.doFilter(ApplicationFilterChain.java:149)
	at org.springframework.web.filter.FormContentFilter.doFilterInternal(FormContentFilter.java:93)
	at org.springframework.web.filter.OncePerRequestFilter.doFilter(OncePerRequestFilter.java:116)
	at org.apache.catalina.core.ApplicationFilterChain.internalDoFilter(ApplicationFilterChain.java:174)
	at org.apache.catalina.core.ApplicationFilterChain.doFilter(ApplicationFilterChain.java:149)
	at org.springframework.web.filter.CharacterEncodingFilter.doFilterInternal(CharacterEncodingFilter.java:201)
	at org.springframework.web.filter.OncePerRequestFilter.doFilter(OncePerRequestFilter.java:116)
	at org.apache.catalina.core.ApplicationFilterChain.internalDoFilter(ApplicationFilterChain.java:174)
	at org.apache.catalina.core.ApplicationFilterChain.doFilter(ApplicationFilterChain.java:149)
	at org.apache.catalina.core.StandardWrapperValve.invoke(StandardWrapperValve.java:167)
	at org.apache.catalina.core.StandardContextValve.invoke(StandardContextValve.java:90)
	at org.apache.catalina.authenticator.AuthenticatorBase.invoke(AuthenticatorBase.java:482)
	at org.apache.catalina.core.StandardHostValve.invoke(StandardHostValve.java:115)
	at org.apache.catalina.valves.ErrorReportValve.invoke(ErrorReportValve.java:93)
	at org.apache.catalina.core.StandardEngineValve.invoke(StandardEngineValve.java:74)
	at org.apache.catalina.connector.CoyoteAdapter.service(CoyoteAdapter.java:344)
	at org.apache.coyote.http11.Http11Processor.service(Http11Processor.java:391)
	at org.apache.coyote.AbstractProcessorLight.process(AbstractProcessorLight.java:63)
	at org.apache.coyote.AbstractProtocol$ConnectionHandler.process(AbstractProtocol.java:896)
	at org.apache.tomcat.util.net.NioEndpoint$SocketProcessor.doRun(NioEndpoint.java:1744)
	at org.apache.tomcat.util.net.SocketProcessorBase.run(SocketProcessorBase.java:52)
	at org.apache.tomcat.util.threads.ThreadPoolExecutor.runWorker(ThreadPoolExecutor.java:1191)
	at org.apache.tomcat.util.threads.ThreadPoolExecutor$Worker.run(ThreadPoolExecutor.java:659)
	at org.apache.tomcat.util.threads.TaskThread$WrappingRunnable.run(TaskThread.java:63)
	at java.base/java.lang.Thread.run(Unknown Source)
2024-07-01 03:16:20.514 [main] INFO  c.e.stockData.StockDataApplication - Starting StockDataApplication v0.0.1-SNAPSHOT using Java 17.0.11 with PID 1 (/BOOT-INF/classes started by appuser in /)
2024-07-01 03:16:20.577 [main] INFO  c.e.stockData.StockDataApplication - No active profile set, falling back to 1 default profile: "default"
2024-07-01 03:17:28.190 [main] INFO  c.e.stockData.StockDataApplication - Started StockDataApplication in 80.466 seconds (process running for 94.147)
2024-07-01 03:17:28.276 [main] INFO  c.e.stockData.StockDataApplication - application started suaveira
2024-07-01 03:23:27.115 [main] INFO  c.e.stockData.StockDataApplication - Starting StockDataApplication v0.0.1-SNAPSHOT using Java 17.0.11 with PID 1 (/BOOT-INF/classes started by appuser in /)
2024-07-01 03:23:27.266 [main] INFO  c.e.stockData.StockDataApplication - No active profile set, falling back to 1 default profile: "default"
2024-07-01 03:25:10.296 [main] INFO  c.e.stockData.StockDataApplication - Started StockDataApplication in 124.706 seconds (process running for 133.408)
2024-07-01 03:25:10.386 [main] INFO  c.e.stockData.StockDataApplication - application started suaveira
2024-07-01 03:34:14.124 [http-nio-8090-exec-1] INFO  c.e.s.controllers.StockController - user attempt to save stock
2024-07-01 03:34:14.518 [http-nio-8090-exec-2] WARN  c.e.stockData.services.StockService - User tried to find stock that doesn't exist on database, stock: INVALIDSTOCKSYMBOL
2024-07-01 03:34:14.604 [http-nio-8090-exec-2] ERROR c.e.s.i.ControllerExceptionHandler - Error caught by controller exception handler
com.example.stockData.exceptions.InvalidSymbolException: Stock not found
	at com.example.stockData.services.StockService.findBySymbol(StockService.java:66)
	at com.example.stockData.controllers.StockController.getBySymbol(StockController.java:40)
	at java.base/jdk.internal.reflect.NativeMethodAccessorImpl.invoke0(Native Method)
	at java.base/jdk.internal.reflect.NativeMethodAccessorImpl.invoke(Unknown Source)
	at java.base/jdk.internal.reflect.DelegatingMethodAccessorImpl.invoke(Unknown Source)
	at java.base/java.lang.reflect.Method.invoke(Unknown Source)
	at org.springframework.web.method.support.InvocableHandlerMethod.doInvoke(InvocableHandlerMethod.java:255)
	at org.springframework.web.method.support.InvocableHandlerMethod.invokeForRequest(InvocableHandlerMethod.java:188)
	at org.springframework.web.servlet.mvc.method.annotation.ServletInvocableHandlerMethod.invokeAndHandle(ServletInvocableHandlerMethod.java:118)
	at org.springframework.web.servlet.mvc.method.annotation.RequestMappingHandlerAdapter.invokeHandlerMethod(RequestMappingHandlerAdapter.java:925)
	at org.springframework.web.servlet.mvc.method.annotation.RequestMappingHandlerAdapter.handleInternal(RequestMappingHandlerAdapter.java:830)
	at org.springframework.web.servlet.mvc.method.AbstractHandlerMethodAdapter.handle(AbstractHandlerMethodAdapter.java:87)
	at org.springframework.web.servlet.DispatcherServlet.doDispatch(DispatcherServlet.java:1089)
	at org.springframework.web.servlet.DispatcherServlet.doService(DispatcherServlet.java:979)
	at org.springframework.web.servlet.FrameworkServlet.processRequest(FrameworkServlet.java:1014)
	at org.springframework.web.servlet.FrameworkServlet.doGet(FrameworkServlet.java:903)
	at jakarta.servlet.http.HttpServlet.service(HttpServlet.java:564)
	at org.springframework.web.servlet.FrameworkServlet.service(FrameworkServlet.java:885)
	at jakarta.servlet.http.HttpServlet.service(HttpServlet.java:658)
	at org.apache.catalina.core.ApplicationFilterChain.internalDoFilter(ApplicationFilterChain.java:205)
	at org.apache.catalina.core.ApplicationFilterChain.doFilter(ApplicationFilterChain.java:149)
	at org.apache.tomcat.websocket.server.WsFilter.doFilter(WsFilter.java:51)
	at org.apache.catalina.core.ApplicationFilterChain.internalDoFilter(ApplicationFilterChain.java:174)
	at org.apache.catalina.core.ApplicationFilterChain.doFilter(ApplicationFilterChain.java:149)
	at org.springframework.web.filter.CompositeFilter$VirtualFilterChain.doFilter(CompositeFilter.java:108)
	at org.springframework.security.web.FilterChainProxy.lambda$doFilterInternal$3(FilterChainProxy.java:231)
	at org.springframework.security.web.FilterChainProxy$VirtualFilterChain.doFilter(FilterChainProxy.java:365)
	at org.springframework.security.web.access.intercept.AuthorizationFilter.doFilter(AuthorizationFilter.java:100)
	at org.springframework.security.web.FilterChainProxy$VirtualFilterChain.doFilter(FilterChainProxy.java:374)
	at org.springframework.security.web.access.ExceptionTranslationFilter.doFilter(ExceptionTranslationFilter.java:126)
	at org.springframework.security.web.access.ExceptionTranslationFilter.doFilter(ExceptionTranslationFilter.java:120)
	at org.springframework.security.web.FilterChainProxy$VirtualFilterChain.doFilter(FilterChainProxy.java:374)
	at org.springframework.security.web.authentication.AnonymousAuthenticationFilter.doFilter(AnonymousAuthenticationFilter.java:100)
	at org.springframework.security.web.FilterChainProxy$VirtualFilterChain.doFilter(FilterChainProxy.java:374)
	at org.springframework.security.web.servletapi.SecurityContextHolderAwareRequestFilter.doFilter(SecurityContextHolderAwareRequestFilter.java:179)
	at org.springframework.security.web.FilterChainProxy$VirtualFilterChain.doFilter(FilterChainProxy.java:374)
	at org.springframework.security.web.savedrequest.RequestCacheAwareFilter.doFilter(RequestCacheAwareFilter.java:63)
	at org.springframework.security.web.FilterChainProxy$VirtualFilterChain.doFilter(FilterChainProxy.java:374)
	at org.springframework.security.oauth2.server.resource.web.authentication.BearerTokenAuthenticationFilter.doFilterInternal(BearerTokenAuthenticationFilter.java:128)
	at org.springframework.web.filter.OncePerRequestFilter.doFilter(OncePerRequestFilter.java:116)
	at org.springframework.security.web.FilterChainProxy$VirtualFilterChain.doFilter(FilterChainProxy.java:374)
	at org.springframework.security.web.authentication.logout.LogoutFilter.doFilter(LogoutFilter.java:107)
	at org.springframework.security.web.authentication.logout.LogoutFilter.doFilter(LogoutFilter.java:93)
	at org.springframework.security.web.FilterChainProxy$VirtualFilterChain.doFilter(FilterChainProxy.java:374)
	at org.springframework.security.web.csrf.CsrfFilter.doFilterInternal(CsrfFilter.java:117)
	at org.springframework.web.filter.OncePerRequestFilter.doFilter(OncePerRequestFilter.java:116)
	at org.springframework.security.web.FilterChainProxy$VirtualFilterChain.doFilter(FilterChainProxy.java:374)
	at org.springframework.web.filter.CorsFilter.doFilterInternal(CorsFilter.java:91)
	at org.springframework.web.filter.OncePerRequestFilter.doFilter(OncePerRequestFilter.java:116)
	at org.springframework.security.web.FilterChainProxy$VirtualFilterChain.doFilter(FilterChainProxy.java:374)
	at org.springframework.security.web.header.HeaderWriterFilter.doHeadersAfter(HeaderWriterFilter.java:90)
	at org.springframework.security.web.header.HeaderWriterFilter.doFilterInternal(HeaderWriterFilter.java:75)
	at org.springframework.web.filter.OncePerRequestFilter.doFilter(OncePerRequestFilter.java:116)
	at org.springframework.security.web.FilterChainProxy$VirtualFilterChain.doFilter(FilterChainProxy.java:374)
	at org.springframework.security.web.context.SecurityContextHolderFilter.doFilter(SecurityContextHolderFilter.java:82)
	at org.springframework.security.web.context.SecurityContextHolderFilter.doFilter(SecurityContextHolderFilter.java:69)
	at org.springframework.security.web.FilterChainProxy$VirtualFilterChain.doFilter(FilterChainProxy.java:374)
	at org.springframework.security.web.context.request.async.WebAsyncManagerIntegrationFilter.doFilterInternal(WebAsyncManagerIntegrationFilter.java:62)
	at org.springframework.web.filter.OncePerRequestFilter.doFilter(OncePerRequestFilter.java:116)
	at org.springframework.security.web.FilterChainProxy$VirtualFilterChain.doFilter(FilterChainProxy.java:374)
	at org.springframework.security.web.session.DisableEncodeUrlFilter.doFilterInternal(DisableEncodeUrlFilter.java:42)
	at org.springframework.web.filter.OncePerRequestFilter.doFilter(OncePerRequestFilter.java:116)
	at org.springframework.security.web.FilterChainProxy$VirtualFilterChain.doFilter(FilterChainProxy.java:374)
	at org.springframework.security.web.FilterChainProxy.doFilterInternal(FilterChainProxy.java:233)
	at org.springframework.security.web.FilterChainProxy.doFilter(FilterChainProxy.java:191)
	at org.springframework.web.filter.CompositeFilter$VirtualFilterChain.doFilter(CompositeFilter.java:113)
	at org.springframework.web.servlet.handler.HandlerMappingIntrospector.lambda$createCacheFilter$3(HandlerMappingIntrospector.java:195)
	at org.springframework.web.filter.CompositeFilter$VirtualFilterChain.doFilter(CompositeFilter.java:113)
	at org.springframework.web.filter.CompositeFilter.doFilter(CompositeFilter.java:74)
	at org.springframework.security.config.annotation.web.configuration.WebMvcSecurityConfiguration$CompositeFilterChainProxy.doFilter(WebMvcSecurityConfiguration.java:230)
	at org.springframework.web.filter.DelegatingFilterProxy.invokeDelegate(DelegatingFilterProxy.java:352)
	at org.springframework.web.filter.DelegatingFilterProxy.doFilter(DelegatingFilterProxy.java:268)
	at org.apache.catalina.core.ApplicationFilterChain.internalDoFilter(ApplicationFilterChain.java:174)
	at org.apache.catalina.core.ApplicationFilterChain.doFilter(ApplicationFilterChain.java:149)
	at org.springframework.web.filter.RequestContextFilter.doFilterInternal(RequestContextFilter.java:100)
	at org.springframework.web.filter.OncePerRequestFilter.doFilter(OncePerRequestFilter.java:116)
	at org.apache.catalina.core.ApplicationFilterChain.internalDoFilter(ApplicationFilterChain.java:174)
	at org.apache.catalina.core.ApplicationFilterChain.doFilter(ApplicationFilterChain.java:149)
	at org.springframework.web.filter.FormContentFilter.doFilterInternal(FormContentFilter.java:93)
	at org.springframework.web.filter.OncePerRequestFilter.doFilter(OncePerRequestFilter.java:116)
	at org.apache.catalina.core.ApplicationFilterChain.internalDoFilter(ApplicationFilterChain.java:174)
	at org.apache.catalina.core.ApplicationFilterChain.doFilter(ApplicationFilterChain.java:149)
	at org.springframework.web.filter.CharacterEncodingFilter.doFilterInternal(CharacterEncodingFilter.java:201)
	at org.springframework.web.filter.OncePerRequestFilter.doFilter(OncePerRequestFilter.java:116)
	at org.apache.catalina.core.ApplicationFilterChain.internalDoFilter(ApplicationFilterChain.java:174)
	at org.apache.catalina.core.ApplicationFilterChain.doFilter(ApplicationFilterChain.java:149)
	at org.apache.catalina.core.StandardWrapperValve.invoke(StandardWrapperValve.java:167)
	at org.apache.catalina.core.StandardContextValve.invoke(StandardContextValve.java:90)
	at org.apache.catalina.authenticator.AuthenticatorBase.invoke(AuthenticatorBase.java:482)
	at org.apache.catalina.core.StandardHostValve.invoke(StandardHostValve.java:115)
	at org.apache.catalina.valves.ErrorReportValve.invoke(ErrorReportValve.java:93)
	at org.apache.catalina.core.StandardEngineValve.invoke(StandardEngineValve.java:74)
	at org.apache.catalina.connector.CoyoteAdapter.service(CoyoteAdapter.java:344)
	at org.apache.coyote.http11.Http11Processor.service(Http11Processor.java:391)
	at org.apache.coyote.AbstractProcessorLight.process(AbstractProcessorLight.java:63)
	at org.apache.coyote.AbstractProtocol$ConnectionHandler.process(AbstractProtocol.java:896)
	at org.apache.tomcat.util.net.NioEndpoint$SocketProcessor.doRun(NioEndpoint.java:1744)
	at org.apache.tomcat.util.net.SocketProcessorBase.run(SocketProcessorBase.java:52)
	at org.apache.tomcat.util.threads.ThreadPoolExecutor.runWorker(ThreadPoolExecutor.java:1191)
	at org.apache.tomcat.util.threads.ThreadPoolExecutor$Worker.run(ThreadPoolExecutor.java:659)
	at org.apache.tomcat.util.threads.TaskThread$WrappingRunnable.run(TaskThread.java:63)
	at java.base/java.lang.Thread.run(Unknown Source)
2024-07-01 03:34:46.301 [http-nio-8090-exec-3] INFO  c.e.s.controllers.StockController - user attempt to save stock
2024-07-01 03:49:50.333 [main] INFO  c.e.stockData.StockDataApplication - Starting StockDataApplication v0.0.1-SNAPSHOT using Java 17.0.11 with PID 1 (/BOOT-INF/classes started by appuser in /)
2024-07-01 03:49:50.422 [main] INFO  c.e.stockData.StockDataApplication - No active profile set, falling back to 1 default profile: "default"
2024-07-01 03:51:42.879 [main] INFO  c.e.stockData.StockDataApplication - Started StockDataApplication in 128.446 seconds (process running for 158.084)
2024-07-01 03:51:43.007 [main] INFO  c.e.stockData.StockDataApplication - application started suaveira
2024-07-01 20:54:15.235 [main] INFO  c.e.stockData.StockDataApplication - Starting StockDataApplication v0.0.1-SNAPSHOT using Java 17.0.11 with PID 1 (/BOOT-INF/classes started by appuser in /)
2024-07-01 20:54:15.261 [main] INFO  c.e.stockData.StockDataApplication - No active profile set, falling back to 1 default profile: "default"
2024-07-01 20:54:57.824 [main] INFO  c.e.stockData.StockDataApplication - Started StockDataApplication in 47.795 seconds (process running for 53.27)
2024-07-01 20:54:57.857 [main] INFO  c.e.stockData.StockDataApplication - application started suaveira
2024-07-01 21:00:14.126 [main] INFO  c.e.stockData.StockDataApplication - Starting StockDataApplication v0.0.1-SNAPSHOT using Java 17.0.11 with PID 1 (/BOOT-INF/classes started by appuser in /)
2024-07-01 21:00:14.239 [main] INFO  c.e.stockData.StockDataApplication - No active profile set, falling back to 1 default profile: "default"
2024-07-01 21:01:40.867 [main] INFO  c.e.stockData.StockDataApplication - Started StockDataApplication in 102.657 seconds (process running for 110.212)
2024-07-01 21:01:41.030 [main] INFO  c.e.stockData.StockDataApplication - application started suaveira
2024-07-01 21:08:31.488 [http-nio-8090-exec-1] INFO  c.e.s.controllers.StockController - user attempt to save stock
2024-07-01 21:08:42.730 [http-nio-8090-exec-3] INFO  c.e.s.controllers.StockController - user attempt to save stock
2024-07-04 20:02:12.577 [main] INFO  c.e.stockData.StockDataApplication - Starting StockDataApplication v0.0.1-SNAPSHOT using Java 17.0.11 with PID 1 (/BOOT-INF/classes started by appuser in /)
2024-07-04 20:02:12.598 [main] INFO  c.e.stockData.StockDataApplication - No active profile set, falling back to 1 default profile: "default"
2024-07-04 20:02:43.702 [main] INFO  c.e.stockData.StockDataApplication - Started StockDataApplication in 36.615 seconds (process running for 48.165)
2024-07-04 20:02:43.837 [main] INFO  c.e.stockData.StockDataApplication - application started suaveira
2024-07-04 23:24:23.264 [main] INFO  c.e.stockData.StockDataApplication - Starting StockDataApplication v0.0.1-SNAPSHOT using Java 17.0.11 with PID 1 (/BOOT-INF/classes started by appuser in /)
2024-07-04 23:24:23.282 [main] INFO  c.e.stockData.StockDataApplication - No active profile set, falling back to 1 default profile: "default"
2024-07-04 23:25:30.473 [main] INFO  c.e.stockData.StockDataApplication - Started StockDataApplication in 80.476 seconds (process running for 95.66)
2024-07-04 23:25:30.578 [main] INFO  c.e.stockData.StockDataApplication - application started suaveira
2024-07-04 23:27:44.852 [http-nio-8090-exec-1] INFO  c.e.s.controllers.StockController - user attempt to save stock
2024-07-04 23:27:54.666 [http-nio-8090-exec-2] INFO  c.e.s.controllers.StockController - user attempt to save stock
2024-07-08 17:20:58.150 [main] INFO  c.e.stockData.StockDataApplication - Starting StockDataApplication v0.0.1-SNAPSHOT using Java 17.0.11 with PID 1 (/BOOT-INF/classes started by appuser in /)
2024-07-08 17:20:58.412 [main] INFO  c.e.stockData.StockDataApplication - No active profile set, falling back to 1 default profile: "default"
2024-07-08 17:21:36.142 [main] INFO  c.e.stockData.StockDataApplication - Started StockDataApplication in 43.731 seconds (process running for 48.921)
2024-07-08 17:21:36.191 [main] INFO  c.e.stockData.StockDataApplication - application started suaveira
2024-07-08 20:04:25.779 [main] INFO  c.e.stockData.StockDataApplication - Starting StockDataApplication v0.0.1-SNAPSHOT using Java 17.0.11 with PID 1 (/BOOT-INF/classes started by appuser in /)
2024-07-08 20:04:25.866 [main] INFO  c.e.stockData.StockDataApplication - No active profile set, falling back to 1 default profile: "default"
2024-07-08 20:05:52.262 [main] INFO  c.e.stockData.StockDataApplication - Started StockDataApplication in 98.634 seconds (process running for 110.599)
2024-07-08 20:05:52.343 [main] INFO  c.e.stockData.StockDataApplication - application started suaveira
2024-07-08 20:10:08.565 [http-nio-8090-exec-1] INFO  c.e.s.controllers.StockController - user attempt to save stock
2024-07-08 20:10:08.830 [http-nio-8090-exec-2] WARN  c.e.stockData.services.StockService - User tried to find stock that doesn't exist on database, stock: INVALIDSTOCKSYMBOL
2024-07-08 20:10:08.998 [http-nio-8090-exec-2] ERROR c.e.s.i.ControllerExceptionHandler - Error caught by controller exception handler
com.example.stockData.exceptions.InvalidSymbolException: Stock not found
	at com.example.stockData.services.StockService.findBySymbol(StockService.java:66)
	at com.example.stockData.controllers.StockController.getBySymbol(StockController.java:40)
	at java.base/jdk.internal.reflect.NativeMethodAccessorImpl.invoke0(Native Method)
	at java.base/jdk.internal.reflect.NativeMethodAccessorImpl.invoke(Unknown Source)
	at java.base/jdk.internal.reflect.DelegatingMethodAccessorImpl.invoke(Unknown Source)
	at java.base/java.lang.reflect.Method.invoke(Unknown Source)
	at org.springframework.web.method.support.InvocableHandlerMethod.doInvoke(InvocableHandlerMethod.java:255)
	at org.springframework.web.method.support.InvocableHandlerMethod.invokeForRequest(InvocableHandlerMethod.java:188)
	at org.springframework.web.servlet.mvc.method.annotation.ServletInvocableHandlerMethod.invokeAndHandle(ServletInvocableHandlerMethod.java:118)
	at org.springframework.web.servlet.mvc.method.annotation.RequestMappingHandlerAdapter.invokeHandlerMethod(RequestMappingHandlerAdapter.java:925)
	at org.springframework.web.servlet.mvc.method.annotation.RequestMappingHandlerAdapter.handleInternal(RequestMappingHandlerAdapter.java:830)
	at org.springframework.web.servlet.mvc.method.AbstractHandlerMethodAdapter.handle(AbstractHandlerMethodAdapter.java:87)
	at org.springframework.web.servlet.DispatcherServlet.doDispatch(DispatcherServlet.java:1089)
	at org.springframework.web.servlet.DispatcherServlet.doService(DispatcherServlet.java:979)
	at org.springframework.web.servlet.FrameworkServlet.processRequest(FrameworkServlet.java:1014)
	at org.springframework.web.servlet.FrameworkServlet.doGet(FrameworkServlet.java:903)
	at jakarta.servlet.http.HttpServlet.service(HttpServlet.java:564)
	at org.springframework.web.servlet.FrameworkServlet.service(FrameworkServlet.java:885)
	at jakarta.servlet.http.HttpServlet.service(HttpServlet.java:658)
	at org.apache.catalina.core.ApplicationFilterChain.internalDoFilter(ApplicationFilterChain.java:205)
	at org.apache.catalina.core.ApplicationFilterChain.doFilter(ApplicationFilterChain.java:149)
	at org.apache.tomcat.websocket.server.WsFilter.doFilter(WsFilter.java:51)
	at org.apache.catalina.core.ApplicationFilterChain.internalDoFilter(ApplicationFilterChain.java:174)
	at org.apache.catalina.core.ApplicationFilterChain.doFilter(ApplicationFilterChain.java:149)
	at org.springframework.web.filter.CompositeFilter$VirtualFilterChain.doFilter(CompositeFilter.java:108)
	at org.springframework.security.web.FilterChainProxy.lambda$doFilterInternal$3(FilterChainProxy.java:231)
	at org.springframework.security.web.FilterChainProxy$VirtualFilterChain.doFilter(FilterChainProxy.java:365)
	at org.springframework.security.web.access.intercept.AuthorizationFilter.doFilter(AuthorizationFilter.java:100)
	at org.springframework.security.web.FilterChainProxy$VirtualFilterChain.doFilter(FilterChainProxy.java:374)
	at org.springframework.security.web.access.ExceptionTranslationFilter.doFilter(ExceptionTranslationFilter.java:126)
	at org.springframework.security.web.access.ExceptionTranslationFilter.doFilter(ExceptionTranslationFilter.java:120)
	at org.springframework.security.web.FilterChainProxy$VirtualFilterChain.doFilter(FilterChainProxy.java:374)
	at org.springframework.security.web.authentication.AnonymousAuthenticationFilter.doFilter(AnonymousAuthenticationFilter.java:100)
	at org.springframework.security.web.FilterChainProxy$VirtualFilterChain.doFilter(FilterChainProxy.java:374)
	at org.springframework.security.web.servletapi.SecurityContextHolderAwareRequestFilter.doFilter(SecurityContextHolderAwareRequestFilter.java:179)
	at org.springframework.security.web.FilterChainProxy$VirtualFilterChain.doFilter(FilterChainProxy.java:374)
	at org.springframework.security.web.savedrequest.RequestCacheAwareFilter.doFilter(RequestCacheAwareFilter.java:63)
	at org.springframework.security.web.FilterChainProxy$VirtualFilterChain.doFilter(FilterChainProxy.java:374)
	at org.springframework.security.oauth2.server.resource.web.authentication.BearerTokenAuthenticationFilter.doFilterInternal(BearerTokenAuthenticationFilter.java:128)
	at org.springframework.web.filter.OncePerRequestFilter.doFilter(OncePerRequestFilter.java:116)
	at org.springframework.security.web.FilterChainProxy$VirtualFilterChain.doFilter(FilterChainProxy.java:374)
	at org.springframework.security.web.authentication.logout.LogoutFilter.doFilter(LogoutFilter.java:107)
	at org.springframework.security.web.authentication.logout.LogoutFilter.doFilter(LogoutFilter.java:93)
	at org.springframework.security.web.FilterChainProxy$VirtualFilterChain.doFilter(FilterChainProxy.java:374)
	at org.springframework.security.web.csrf.CsrfFilter.doFilterInternal(CsrfFilter.java:117)
	at org.springframework.web.filter.OncePerRequestFilter.doFilter(OncePerRequestFilter.java:116)
	at org.springframework.security.web.FilterChainProxy$VirtualFilterChain.doFilter(FilterChainProxy.java:374)
	at org.springframework.web.filter.CorsFilter.doFilterInternal(CorsFilter.java:91)
	at org.springframework.web.filter.OncePerRequestFilter.doFilter(OncePerRequestFilter.java:116)
	at org.springframework.security.web.FilterChainProxy$VirtualFilterChain.doFilter(FilterChainProxy.java:374)
	at org.springframework.security.web.header.HeaderWriterFilter.doHeadersAfter(HeaderWriterFilter.java:90)
	at org.springframework.security.web.header.HeaderWriterFilter.doFilterInternal(HeaderWriterFilter.java:75)
	at org.springframework.web.filter.OncePerRequestFilter.doFilter(OncePerRequestFilter.java:116)
	at org.springframework.security.web.FilterChainProxy$VirtualFilterChain.doFilter(FilterChainProxy.java:374)
	at org.springframework.security.web.context.SecurityContextHolderFilter.doFilter(SecurityContextHolderFilter.java:82)
	at org.springframework.security.web.context.SecurityContextHolderFilter.doFilter(SecurityContextHolderFilter.java:69)
	at org.springframework.security.web.FilterChainProxy$VirtualFilterChain.doFilter(FilterChainProxy.java:374)
	at org.springframework.security.web.context.request.async.WebAsyncManagerIntegrationFilter.doFilterInternal(WebAsyncManagerIntegrationFilter.java:62)
	at org.springframework.web.filter.OncePerRequestFilter.doFilter(OncePerRequestFilter.java:116)
	at org.springframework.security.web.FilterChainProxy$VirtualFilterChain.doFilter(FilterChainProxy.java:374)
	at org.springframework.security.web.session.DisableEncodeUrlFilter.doFilterInternal(DisableEncodeUrlFilter.java:42)
	at org.springframework.web.filter.OncePerRequestFilter.doFilter(OncePerRequestFilter.java:116)
	at org.springframework.security.web.FilterChainProxy$VirtualFilterChain.doFilter(FilterChainProxy.java:374)
	at org.springframework.security.web.FilterChainProxy.doFilterInternal(FilterChainProxy.java:233)
	at org.springframework.security.web.FilterChainProxy.doFilter(FilterChainProxy.java:191)
	at org.springframework.web.filter.CompositeFilter$VirtualFilterChain.doFilter(CompositeFilter.java:113)
	at org.springframework.web.servlet.handler.HandlerMappingIntrospector.lambda$createCacheFilter$3(HandlerMappingIntrospector.java:195)
	at org.springframework.web.filter.CompositeFilter$VirtualFilterChain.doFilter(CompositeFilter.java:113)
	at org.springframework.web.filter.CompositeFilter.doFilter(CompositeFilter.java:74)
	at org.springframework.security.config.annotation.web.configuration.WebMvcSecurityConfiguration$CompositeFilterChainProxy.doFilter(WebMvcSecurityConfiguration.java:230)
	at org.springframework.web.filter.DelegatingFilterProxy.invokeDelegate(DelegatingFilterProxy.java:352)
	at org.springframework.web.filter.DelegatingFilterProxy.doFilter(DelegatingFilterProxy.java:268)
	at org.apache.catalina.core.ApplicationFilterChain.internalDoFilter(ApplicationFilterChain.java:174)
	at org.apache.catalina.core.ApplicationFilterChain.doFilter(ApplicationFilterChain.java:149)
	at org.springframework.web.filter.RequestContextFilter.doFilterInternal(RequestContextFilter.java:100)
	at org.springframework.web.filter.OncePerRequestFilter.doFilter(OncePerRequestFilter.java:116)
	at org.apache.catalina.core.ApplicationFilterChain.internalDoFilter(ApplicationFilterChain.java:174)
	at org.apache.catalina.core.ApplicationFilterChain.doFilter(ApplicationFilterChain.java:149)
	at org.springframework.web.filter.FormContentFilter.doFilterInternal(FormContentFilter.java:93)
	at org.springframework.web.filter.OncePerRequestFilter.doFilter(OncePerRequestFilter.java:116)
	at org.apache.catalina.core.ApplicationFilterChain.internalDoFilter(ApplicationFilterChain.java:174)
	at org.apache.catalina.core.ApplicationFilterChain.doFilter(ApplicationFilterChain.java:149)
	at org.springframework.web.filter.CharacterEncodingFilter.doFilterInternal(CharacterEncodingFilter.java:201)
	at org.springframework.web.filter.OncePerRequestFilter.doFilter(OncePerRequestFilter.java:116)
	at org.apache.catalina.core.ApplicationFilterChain.internalDoFilter(ApplicationFilterChain.java:174)
	at org.apache.catalina.core.ApplicationFilterChain.doFilter(ApplicationFilterChain.java:149)
	at org.apache.catalina.core.StandardWrapperValve.invoke(StandardWrapperValve.java:167)
	at org.apache.catalina.core.StandardContextValve.invoke(StandardContextValve.java:90)
	at org.apache.catalina.authenticator.AuthenticatorBase.invoke(AuthenticatorBase.java:482)
	at org.apache.catalina.core.StandardHostValve.invoke(StandardHostValve.java:115)
	at org.apache.catalina.valves.ErrorReportValve.invoke(ErrorReportValve.java:93)
	at org.apache.catalina.core.StandardEngineValve.invoke(StandardEngineValve.java:74)
	at org.apache.catalina.connector.CoyoteAdapter.service(CoyoteAdapter.java:344)
	at org.apache.coyote.http11.Http11Processor.service(Http11Processor.java:391)
	at org.apache.coyote.AbstractProcessorLight.process(AbstractProcessorLight.java:63)
	at org.apache.coyote.AbstractProtocol$ConnectionHandler.process(AbstractProtocol.java:896)
	at org.apache.tomcat.util.net.NioEndpoint$SocketProcessor.doRun(NioEndpoint.java:1744)
	at org.apache.tomcat.util.net.SocketProcessorBase.run(SocketProcessorBase.java:52)
	at org.apache.tomcat.util.threads.ThreadPoolExecutor.runWorker(ThreadPoolExecutor.java:1191)
	at org.apache.tomcat.util.threads.ThreadPoolExecutor$Worker.run(ThreadPoolExecutor.java:659)
	at org.apache.tomcat.util.threads.TaskThread$WrappingRunnable.run(TaskThread.java:63)
	at java.base/java.lang.Thread.run(Unknown Source)
2024-07-08 20:30:23.131 [http-nio-8090-exec-3] INFO  c.e.s.controllers.StockController - user attempt to save stock
2024-07-08 20:30:38.490 [http-nio-8090-exec-5] INFO  c.e.s.controllers.StockController - user attempt to save stock
2024-07-08 20:30:44.835 [http-nio-8090-exec-6] INFO  c.e.s.controllers.StockController - user attempt to save stock
2024-07-09 01:23:47.181 [main] INFO  c.e.stockData.StockDataApplication - Starting StockDataApplication v0.0.1-SNAPSHOT using Java 17.0.11 with PID 1 (/BOOT-INF/classes started by appuser in /)
2024-07-09 01:23:47.311 [main] INFO  c.e.stockData.StockDataApplication - No active profile set, falling back to 1 default profile: "default"
2024-07-09 01:25:40.711 [main] INFO  c.e.stockData.StockDataApplication - Started StockDataApplication in 132.767 seconds (process running for 149.519)
2024-07-09 01:25:40.781 [main] INFO  c.e.stockData.StockDataApplication - application started suaveira
2024-07-09 01:35:07.427 [http-nio-8090-exec-1] INFO  c.e.s.controllers.StockController - user attempt to save stock
2024-07-09 01:35:23.021 [http-nio-8090-exec-2] INFO  c.e.s.controllers.StockController - user attempt to save stock
2024-07-09 02:04:19.136 [main] INFO  c.e.stockData.StockDataApplication - Starting StockDataApplication v0.0.1-SNAPSHOT using Java 17.0.11 with PID 1 (/BOOT-INF/classes started by appuser in /)
2024-07-09 02:04:19.176 [main] INFO  c.e.stockData.StockDataApplication - No active profile set, falling back to 1 default profile: "default"
2024-07-09 02:05:08.513 [main] INFO  c.e.stockData.StockDataApplication - Started StockDataApplication in 59.374 seconds (process running for 73.188)
2024-07-09 02:05:08.613 [main] INFO  c.e.stockData.StockDataApplication - application started suaveira
2024-07-09 02:57:03.020 [http-nio-8090-exec-1] INFO  c.e.s.controllers.StockController - user attempt to save stock
2024-07-09 02:57:08.417 [http-nio-8090-exec-2] INFO  c.e.s.controllers.StockController - user attempt to save stock
2024-07-09 03:17:24.217 [main] INFO  c.e.stockData.StockDataApplication - Starting StockDataApplication v0.0.1-SNAPSHOT using Java 17.0.11 with PID 1 (/BOOT-INF/classes started by appuser in /)
2024-07-09 03:17:24.252 [main] INFO  c.e.stockData.StockDataApplication - No active profile set, falling back to 1 default profile: "default"
2024-07-09 03:19:19.798 [main] INFO  c.e.stockData.StockDataApplication - Started StockDataApplication in 131.233 seconds (process running for 160.288)
2024-07-09 03:19:19.887 [main] INFO  c.e.stockData.StockDataApplication - application started suaveira
2024-07-09 03:21:39.765 [http-nio-8090-exec-1] INFO  c.e.s.controllers.StockController - user attempt to save stock
2024-07-09 03:21:52.658 [http-nio-8090-exec-3] INFO  c.e.s.controllers.StockController - user attempt to save stock
2024-07-09 14:14:13.805 [main] INFO  c.e.stockData.StockDataApplication - Starting StockDataApplication v0.0.1-SNAPSHOT using Java 17.0.11 with PID 1 (/BOOT-INF/classes started by appuser in /)
2024-07-09 14:14:13.831 [main] INFO  c.e.stockData.StockDataApplication - No active profile set, falling back to 1 default profile: "default"
2024-07-09 14:15:04.252 [main] INFO  c.e.stockData.StockDataApplication - Started StockDataApplication in 58.844 seconds (process running for 73.08)
2024-07-09 14:15:04.291 [main] INFO  c.e.stockData.StockDataApplication - application started suaveira
2024-07-09 14:33:52.646 [http-nio-8090-exec-1] INFO  c.e.s.controllers.StockController - user attempt to save stock
2024-07-09 14:34:04.258 [http-nio-8090-exec-2] INFO  c.e.s.controllers.StockController - user attempt to save stock
2024-07-10 01:03:52.680 [main] INFO  c.e.stockData.StockDataApplication - Starting StockDataApplication v0.0.1-SNAPSHOT using Java 17.0.11 with PID 1 (/BOOT-INF/classes started by appuser in /)
2024-07-10 01:03:52.778 [main] INFO  c.e.stockData.StockDataApplication - No active profile set, falling back to 1 default profile: "default"
2024-07-10 01:06:43.564 [main] INFO  c.e.stockData.StockDataApplication - Started StockDataApplication in 195.876 seconds (process running for 225.862)
2024-07-10 01:06:43.687 [main] INFO  c.e.stockData.StockDataApplication - application started suaveira
2024-07-10 01:21:17.766 [http-nio-8090-exec-1] INFO  c.e.s.controllers.StockController - user attempt to save stock
2024-07-10 01:21:17.950 [http-nio-8090-exec-2] WARN  c.e.stockData.services.StockService - User tried to find stock that doesn't exist on database, stock: INVALIDSTOCKSYMBOL
2024-07-10 01:21:17.981 [http-nio-8090-exec-2] ERROR c.e.s.i.ControllerExceptionHandler - Error caught by controller exception handler
com.example.stockData.exceptions.InvalidSymbolException: Stock not found
	at com.example.stockData.services.StockService.findBySymbol(StockService.java:66)
	at com.example.stockData.controllers.StockController.getBySymbol(StockController.java:40)
	at java.base/jdk.internal.reflect.NativeMethodAccessorImpl.invoke0(Native Method)
	at java.base/jdk.internal.reflect.NativeMethodAccessorImpl.invoke(Unknown Source)
	at java.base/jdk.internal.reflect.DelegatingMethodAccessorImpl.invoke(Unknown Source)
	at java.base/java.lang.reflect.Method.invoke(Unknown Source)
	at org.springframework.web.method.support.InvocableHandlerMethod.doInvoke(InvocableHandlerMethod.java:255)
	at org.springframework.web.method.support.InvocableHandlerMethod.invokeForRequest(InvocableHandlerMethod.java:188)
	at org.springframework.web.servlet.mvc.method.annotation.ServletInvocableHandlerMethod.invokeAndHandle(ServletInvocableHandlerMethod.java:118)
	at org.springframework.web.servlet.mvc.method.annotation.RequestMappingHandlerAdapter.invokeHandlerMethod(RequestMappingHandlerAdapter.java:925)
	at org.springframework.web.servlet.mvc.method.annotation.RequestMappingHandlerAdapter.handleInternal(RequestMappingHandlerAdapter.java:830)
	at org.springframework.web.servlet.mvc.method.AbstractHandlerMethodAdapter.handle(AbstractHandlerMethodAdapter.java:87)
	at org.springframework.web.servlet.DispatcherServlet.doDispatch(DispatcherServlet.java:1089)
	at org.springframework.web.servlet.DispatcherServlet.doService(DispatcherServlet.java:979)
	at org.springframework.web.servlet.FrameworkServlet.processRequest(FrameworkServlet.java:1014)
	at org.springframework.web.servlet.FrameworkServlet.doGet(FrameworkServlet.java:903)
	at jakarta.servlet.http.HttpServlet.service(HttpServlet.java:564)
	at org.springframework.web.servlet.FrameworkServlet.service(FrameworkServlet.java:885)
	at jakarta.servlet.http.HttpServlet.service(HttpServlet.java:658)
	at org.apache.catalina.core.ApplicationFilterChain.internalDoFilter(ApplicationFilterChain.java:205)
	at org.apache.catalina.core.ApplicationFilterChain.doFilter(ApplicationFilterChain.java:149)
	at org.apache.tomcat.websocket.server.WsFilter.doFilter(WsFilter.java:51)
	at org.apache.catalina.core.ApplicationFilterChain.internalDoFilter(ApplicationFilterChain.java:174)
	at org.apache.catalina.core.ApplicationFilterChain.doFilter(ApplicationFilterChain.java:149)
	at org.springframework.web.filter.CompositeFilter$VirtualFilterChain.doFilter(CompositeFilter.java:108)
	at org.springframework.security.web.FilterChainProxy.lambda$doFilterInternal$3(FilterChainProxy.java:231)
	at org.springframework.security.web.FilterChainProxy$VirtualFilterChain.doFilter(FilterChainProxy.java:365)
	at org.springframework.security.web.access.intercept.AuthorizationFilter.doFilter(AuthorizationFilter.java:100)
	at org.springframework.security.web.FilterChainProxy$VirtualFilterChain.doFilter(FilterChainProxy.java:374)
	at org.springframework.security.web.access.ExceptionTranslationFilter.doFilter(ExceptionTranslationFilter.java:126)
	at org.springframework.security.web.access.ExceptionTranslationFilter.doFilter(ExceptionTranslationFilter.java:120)
	at org.springframework.security.web.FilterChainProxy$VirtualFilterChain.doFilter(FilterChainProxy.java:374)
	at org.springframework.security.web.authentication.AnonymousAuthenticationFilter.doFilter(AnonymousAuthenticationFilter.java:100)
	at org.springframework.security.web.FilterChainProxy$VirtualFilterChain.doFilter(FilterChainProxy.java:374)
	at org.springframework.security.web.servletapi.SecurityContextHolderAwareRequestFilter.doFilter(SecurityContextHolderAwareRequestFilter.java:179)
	at org.springframework.security.web.FilterChainProxy$VirtualFilterChain.doFilter(FilterChainProxy.java:374)
	at org.springframework.security.web.savedrequest.RequestCacheAwareFilter.doFilter(RequestCacheAwareFilter.java:63)
	at org.springframework.security.web.FilterChainProxy$VirtualFilterChain.doFilter(FilterChainProxy.java:374)
	at org.springframework.security.oauth2.server.resource.web.authentication.BearerTokenAuthenticationFilter.doFilterInternal(BearerTokenAuthenticationFilter.java:128)
	at org.springframework.web.filter.OncePerRequestFilter.doFilter(OncePerRequestFilter.java:116)
	at org.springframework.security.web.FilterChainProxy$VirtualFilterChain.doFilter(FilterChainProxy.java:374)
	at org.springframework.security.web.authentication.logout.LogoutFilter.doFilter(LogoutFilter.java:107)
	at org.springframework.security.web.authentication.logout.LogoutFilter.doFilter(LogoutFilter.java:93)
	at org.springframework.security.web.FilterChainProxy$VirtualFilterChain.doFilter(FilterChainProxy.java:374)
	at org.springframework.security.web.csrf.CsrfFilter.doFilterInternal(CsrfFilter.java:117)
	at org.springframework.web.filter.OncePerRequestFilter.doFilter(OncePerRequestFilter.java:116)
	at org.springframework.security.web.FilterChainProxy$VirtualFilterChain.doFilter(FilterChainProxy.java:374)
	at org.springframework.web.filter.CorsFilter.doFilterInternal(CorsFilter.java:91)
	at org.springframework.web.filter.OncePerRequestFilter.doFilter(OncePerRequestFilter.java:116)
	at org.springframework.security.web.FilterChainProxy$VirtualFilterChain.doFilter(FilterChainProxy.java:374)
	at org.springframework.security.web.header.HeaderWriterFilter.doHeadersAfter(HeaderWriterFilter.java:90)
	at org.springframework.security.web.header.HeaderWriterFilter.doFilterInternal(HeaderWriterFilter.java:75)
	at org.springframework.web.filter.OncePerRequestFilter.doFilter(OncePerRequestFilter.java:116)
	at org.springframework.security.web.FilterChainProxy$VirtualFilterChain.doFilter(FilterChainProxy.java:374)
	at org.springframework.security.web.context.SecurityContextHolderFilter.doFilter(SecurityContextHolderFilter.java:82)
	at org.springframework.security.web.context.SecurityContextHolderFilter.doFilter(SecurityContextHolderFilter.java:69)
	at org.springframework.security.web.FilterChainProxy$VirtualFilterChain.doFilter(FilterChainProxy.java:374)
	at org.springframework.security.web.context.request.async.WebAsyncManagerIntegrationFilter.doFilterInternal(WebAsyncManagerIntegrationFilter.java:62)
	at org.springframework.web.filter.OncePerRequestFilter.doFilter(OncePerRequestFilter.java:116)
	at org.springframework.security.web.FilterChainProxy$VirtualFilterChain.doFilter(FilterChainProxy.java:374)
	at org.springframework.security.web.session.DisableEncodeUrlFilter.doFilterInternal(DisableEncodeUrlFilter.java:42)
	at org.springframework.web.filter.OncePerRequestFilter.doFilter(OncePerRequestFilter.java:116)
	at org.springframework.security.web.FilterChainProxy$VirtualFilterChain.doFilter(FilterChainProxy.java:374)
	at org.springframework.security.web.FilterChainProxy.doFilterInternal(FilterChainProxy.java:233)
	at org.springframework.security.web.FilterChainProxy.doFilter(FilterChainProxy.java:191)
	at org.springframework.web.filter.CompositeFilter$VirtualFilterChain.doFilter(CompositeFilter.java:113)
	at org.springframework.web.servlet.handler.HandlerMappingIntrospector.lambda$createCacheFilter$3(HandlerMappingIntrospector.java:195)
	at org.springframework.web.filter.CompositeFilter$VirtualFilterChain.doFilter(CompositeFilter.java:113)
	at org.springframework.web.filter.CompositeFilter.doFilter(CompositeFilter.java:74)
	at org.springframework.security.config.annotation.web.configuration.WebMvcSecurityConfiguration$CompositeFilterChainProxy.doFilter(WebMvcSecurityConfiguration.java:230)
	at org.springframework.web.filter.DelegatingFilterProxy.invokeDelegate(DelegatingFilterProxy.java:352)
	at org.springframework.web.filter.DelegatingFilterProxy.doFilter(DelegatingFilterProxy.java:268)
	at org.apache.catalina.core.ApplicationFilterChain.internalDoFilter(ApplicationFilterChain.java:174)
	at org.apache.catalina.core.ApplicationFilterChain.doFilter(ApplicationFilterChain.java:149)
	at org.springframework.web.filter.RequestContextFilter.doFilterInternal(RequestContextFilter.java:100)
	at org.springframework.web.filter.OncePerRequestFilter.doFilter(OncePerRequestFilter.java:116)
	at org.apache.catalina.core.ApplicationFilterChain.internalDoFilter(ApplicationFilterChain.java:174)
	at org.apache.catalina.core.ApplicationFilterChain.doFilter(ApplicationFilterChain.java:149)
	at org.springframework.web.filter.FormContentFilter.doFilterInternal(FormContentFilter.java:93)
	at org.springframework.web.filter.OncePerRequestFilter.doFilter(OncePerRequestFilter.java:116)
	at org.apache.catalina.core.ApplicationFilterChain.internalDoFilter(ApplicationFilterChain.java:174)
	at org.apache.catalina.core.ApplicationFilterChain.doFilter(ApplicationFilterChain.java:149)
	at org.springframework.web.filter.CharacterEncodingFilter.doFilterInternal(CharacterEncodingFilter.java:201)
	at org.springframework.web.filter.OncePerRequestFilter.doFilter(OncePerRequestFilter.java:116)
	at org.apache.catalina.core.ApplicationFilterChain.internalDoFilter(ApplicationFilterChain.java:174)
	at org.apache.catalina.core.ApplicationFilterChain.doFilter(ApplicationFilterChain.java:149)
	at org.apache.catalina.core.StandardWrapperValve.invoke(StandardWrapperValve.java:167)
	at org.apache.catalina.core.StandardContextValve.invoke(StandardContextValve.java:90)
	at org.apache.catalina.authenticator.AuthenticatorBase.invoke(AuthenticatorBase.java:482)
	at org.apache.catalina.core.StandardHostValve.invoke(StandardHostValve.java:115)
	at org.apache.catalina.valves.ErrorReportValve.invoke(ErrorReportValve.java:93)
	at org.apache.catalina.core.StandardEngineValve.invoke(StandardEngineValve.java:74)
	at org.apache.catalina.connector.CoyoteAdapter.service(CoyoteAdapter.java:344)
	at org.apache.coyote.http11.Http11Processor.service(Http11Processor.java:391)
	at org.apache.coyote.AbstractProcessorLight.process(AbstractProcessorLight.java:63)
	at org.apache.coyote.AbstractProtocol$ConnectionHandler.process(AbstractProtocol.java:896)
	at org.apache.tomcat.util.net.NioEndpoint$SocketProcessor.doRun(NioEndpoint.java:1744)
	at org.apache.tomcat.util.net.SocketProcessorBase.run(SocketProcessorBase.java:52)
	at org.apache.tomcat.util.threads.ThreadPoolExecutor.runWorker(ThreadPoolExecutor.java:1191)
	at org.apache.tomcat.util.threads.ThreadPoolExecutor$Worker.run(ThreadPoolExecutor.java:659)
	at org.apache.tomcat.util.threads.TaskThread$WrappingRunnable.run(TaskThread.java:63)
	at java.base/java.lang.Thread.run(Unknown Source)
2024-07-10 01:32:29.677 [main] INFO  c.e.stockData.StockDataApplication - Starting StockDataApplication v0.0.1-SNAPSHOT using Java 17.0.11 with PID 1 (/BOOT-INF/classes started by appuser in /)
2024-07-10 01:32:30.051 [main] INFO  c.e.stockData.StockDataApplication - No active profile set, falling back to 1 default profile: "default"
2024-07-10 01:34:05.544 [main] INFO  c.e.stockData.StockDataApplication - Started StockDataApplication in 109.221 seconds (process running for 125.195)
2024-07-10 01:34:05.635 [main] INFO  c.e.stockData.StockDataApplication - application started suaveira
2024-07-10 01:39:37.575 [http-nio-8090-exec-1] INFO  c.e.s.controllers.StockController - user attempt to save stock
2024-07-10 01:39:37.688 [http-nio-8090-exec-2] WARN  c.e.stockData.services.StockService - User tried to find stock that doesn't exist on database, stock: INVALIDSTOCKSYMBOL
2024-07-10 01:39:37.725 [http-nio-8090-exec-2] ERROR c.e.s.i.ControllerExceptionHandler - Error caught by controller exception handler
com.example.stockData.exceptions.InvalidSymbolException: Stock not found
	at com.example.stockData.services.StockService.findBySymbol(StockService.java:66)
	at com.example.stockData.controllers.StockController.getBySymbol(StockController.java:40)
	at java.base/jdk.internal.reflect.NativeMethodAccessorImpl.invoke0(Native Method)
	at java.base/jdk.internal.reflect.NativeMethodAccessorImpl.invoke(Unknown Source)
	at java.base/jdk.internal.reflect.DelegatingMethodAccessorImpl.invoke(Unknown Source)
	at java.base/java.lang.reflect.Method.invoke(Unknown Source)
	at org.springframework.web.method.support.InvocableHandlerMethod.doInvoke(InvocableHandlerMethod.java:255)
	at org.springframework.web.method.support.InvocableHandlerMethod.invokeForRequest(InvocableHandlerMethod.java:188)
	at org.springframework.web.servlet.mvc.method.annotation.ServletInvocableHandlerMethod.invokeAndHandle(ServletInvocableHandlerMethod.java:118)
	at org.springframework.web.servlet.mvc.method.annotation.RequestMappingHandlerAdapter.invokeHandlerMethod(RequestMappingHandlerAdapter.java:925)
	at org.springframework.web.servlet.mvc.method.annotation.RequestMappingHandlerAdapter.handleInternal(RequestMappingHandlerAdapter.java:830)
	at org.springframework.web.servlet.mvc.method.AbstractHandlerMethodAdapter.handle(AbstractHandlerMethodAdapter.java:87)
	at org.springframework.web.servlet.DispatcherServlet.doDispatch(DispatcherServlet.java:1089)
	at org.springframework.web.servlet.DispatcherServlet.doService(DispatcherServlet.java:979)
	at org.springframework.web.servlet.FrameworkServlet.processRequest(FrameworkServlet.java:1014)
	at org.springframework.web.servlet.FrameworkServlet.doGet(FrameworkServlet.java:903)
	at jakarta.servlet.http.HttpServlet.service(HttpServlet.java:564)
	at org.springframework.web.servlet.FrameworkServlet.service(FrameworkServlet.java:885)
	at jakarta.servlet.http.HttpServlet.service(HttpServlet.java:658)
	at org.apache.catalina.core.ApplicationFilterChain.internalDoFilter(ApplicationFilterChain.java:205)
	at org.apache.catalina.core.ApplicationFilterChain.doFilter(ApplicationFilterChain.java:149)
	at org.apache.tomcat.websocket.server.WsFilter.doFilter(WsFilter.java:51)
	at org.apache.catalina.core.ApplicationFilterChain.internalDoFilter(ApplicationFilterChain.java:174)
	at org.apache.catalina.core.ApplicationFilterChain.doFilter(ApplicationFilterChain.java:149)
	at org.springframework.web.filter.CompositeFilter$VirtualFilterChain.doFilter(CompositeFilter.java:108)
	at org.springframework.security.web.FilterChainProxy.lambda$doFilterInternal$3(FilterChainProxy.java:231)
	at org.springframework.security.web.FilterChainProxy$VirtualFilterChain.doFilter(FilterChainProxy.java:365)
	at org.springframework.security.web.access.intercept.AuthorizationFilter.doFilter(AuthorizationFilter.java:100)
	at org.springframework.security.web.FilterChainProxy$VirtualFilterChain.doFilter(FilterChainProxy.java:374)
	at org.springframework.security.web.access.ExceptionTranslationFilter.doFilter(ExceptionTranslationFilter.java:126)
	at org.springframework.security.web.access.ExceptionTranslationFilter.doFilter(ExceptionTranslationFilter.java:120)
	at org.springframework.security.web.FilterChainProxy$VirtualFilterChain.doFilter(FilterChainProxy.java:374)
	at org.springframework.security.web.authentication.AnonymousAuthenticationFilter.doFilter(AnonymousAuthenticationFilter.java:100)
	at org.springframework.security.web.FilterChainProxy$VirtualFilterChain.doFilter(FilterChainProxy.java:374)
	at org.springframework.security.web.servletapi.SecurityContextHolderAwareRequestFilter.doFilter(SecurityContextHolderAwareRequestFilter.java:179)
	at org.springframework.security.web.FilterChainProxy$VirtualFilterChain.doFilter(FilterChainProxy.java:374)
	at org.springframework.security.web.savedrequest.RequestCacheAwareFilter.doFilter(RequestCacheAwareFilter.java:63)
	at org.springframework.security.web.FilterChainProxy$VirtualFilterChain.doFilter(FilterChainProxy.java:374)
	at org.springframework.security.oauth2.server.resource.web.authentication.BearerTokenAuthenticationFilter.doFilterInternal(BearerTokenAuthenticationFilter.java:128)
	at org.springframework.web.filter.OncePerRequestFilter.doFilter(OncePerRequestFilter.java:116)
	at org.springframework.security.web.FilterChainProxy$VirtualFilterChain.doFilter(FilterChainProxy.java:374)
	at org.springframework.security.web.authentication.logout.LogoutFilter.doFilter(LogoutFilter.java:107)
	at org.springframework.security.web.authentication.logout.LogoutFilter.doFilter(LogoutFilter.java:93)
	at org.springframework.security.web.FilterChainProxy$VirtualFilterChain.doFilter(FilterChainProxy.java:374)
	at org.springframework.security.web.csrf.CsrfFilter.doFilterInternal(CsrfFilter.java:117)
	at org.springframework.web.filter.OncePerRequestFilter.doFilter(OncePerRequestFilter.java:116)
	at org.springframework.security.web.FilterChainProxy$VirtualFilterChain.doFilter(FilterChainProxy.java:374)
	at org.springframework.web.filter.CorsFilter.doFilterInternal(CorsFilter.java:91)
	at org.springframework.web.filter.OncePerRequestFilter.doFilter(OncePerRequestFilter.java:116)
	at org.springframework.security.web.FilterChainProxy$VirtualFilterChain.doFilter(FilterChainProxy.java:374)
	at org.springframework.security.web.header.HeaderWriterFilter.doHeadersAfter(HeaderWriterFilter.java:90)
	at org.springframework.security.web.header.HeaderWriterFilter.doFilterInternal(HeaderWriterFilter.java:75)
	at org.springframework.web.filter.OncePerRequestFilter.doFilter(OncePerRequestFilter.java:116)
	at org.springframework.security.web.FilterChainProxy$VirtualFilterChain.doFilter(FilterChainProxy.java:374)
	at org.springframework.security.web.context.SecurityContextHolderFilter.doFilter(SecurityContextHolderFilter.java:82)
	at org.springframework.security.web.context.SecurityContextHolderFilter.doFilter(SecurityContextHolderFilter.java:69)
	at org.springframework.security.web.FilterChainProxy$VirtualFilterChain.doFilter(FilterChainProxy.java:374)
	at org.springframework.security.web.context.request.async.WebAsyncManagerIntegrationFilter.doFilterInternal(WebAsyncManagerIntegrationFilter.java:62)
	at org.springframework.web.filter.OncePerRequestFilter.doFilter(OncePerRequestFilter.java:116)
	at org.springframework.security.web.FilterChainProxy$VirtualFilterChain.doFilter(FilterChainProxy.java:374)
	at org.springframework.security.web.session.DisableEncodeUrlFilter.doFilterInternal(DisableEncodeUrlFilter.java:42)
	at org.springframework.web.filter.OncePerRequestFilter.doFilter(OncePerRequestFilter.java:116)
	at org.springframework.security.web.FilterChainProxy$VirtualFilterChain.doFilter(FilterChainProxy.java:374)
	at org.springframework.security.web.FilterChainProxy.doFilterInternal(FilterChainProxy.java:233)
	at org.springframework.security.web.FilterChainProxy.doFilter(FilterChainProxy.java:191)
	at org.springframework.web.filter.CompositeFilter$VirtualFilterChain.doFilter(CompositeFilter.java:113)
	at org.springframework.web.servlet.handler.HandlerMappingIntrospector.lambda$createCacheFilter$3(HandlerMappingIntrospector.java:195)
	at org.springframework.web.filter.CompositeFilter$VirtualFilterChain.doFilter(CompositeFilter.java:113)
	at org.springframework.web.filter.CompositeFilter.doFilter(CompositeFilter.java:74)
	at org.springframework.security.config.annotation.web.configuration.WebMvcSecurityConfiguration$CompositeFilterChainProxy.doFilter(WebMvcSecurityConfiguration.java:230)
	at org.springframework.web.filter.DelegatingFilterProxy.invokeDelegate(DelegatingFilterProxy.java:352)
	at org.springframework.web.filter.DelegatingFilterProxy.doFilter(DelegatingFilterProxy.java:268)
	at org.apache.catalina.core.ApplicationFilterChain.internalDoFilter(ApplicationFilterChain.java:174)
	at org.apache.catalina.core.ApplicationFilterChain.doFilter(ApplicationFilterChain.java:149)
	at org.springframework.web.filter.RequestContextFilter.doFilterInternal(RequestContextFilter.java:100)
	at org.springframework.web.filter.OncePerRequestFilter.doFilter(OncePerRequestFilter.java:116)
	at org.apache.catalina.core.ApplicationFilterChain.internalDoFilter(ApplicationFilterChain.java:174)
	at org.apache.catalina.core.ApplicationFilterChain.doFilter(ApplicationFilterChain.java:149)
	at org.springframework.web.filter.FormContentFilter.doFilterInternal(FormContentFilter.java:93)
	at org.springframework.web.filter.OncePerRequestFilter.doFilter(OncePerRequestFilter.java:116)
	at org.apache.catalina.core.ApplicationFilterChain.internalDoFilter(ApplicationFilterChain.java:174)
	at org.apache.catalina.core.ApplicationFilterChain.doFilter(ApplicationFilterChain.java:149)
	at org.springframework.web.filter.CharacterEncodingFilter.doFilterInternal(CharacterEncodingFilter.java:201)
	at org.springframework.web.filter.OncePerRequestFilter.doFilter(OncePerRequestFilter.java:116)
	at org.apache.catalina.core.ApplicationFilterChain.internalDoFilter(ApplicationFilterChain.java:174)
	at org.apache.catalina.core.ApplicationFilterChain.doFilter(ApplicationFilterChain.java:149)
	at org.apache.catalina.core.StandardWrapperValve.invoke(StandardWrapperValve.java:167)
	at org.apache.catalina.core.StandardContextValve.invoke(StandardContextValve.java:90)
	at org.apache.catalina.authenticator.AuthenticatorBase.invoke(AuthenticatorBase.java:482)
	at org.apache.catalina.core.StandardHostValve.invoke(StandardHostValve.java:115)
	at org.apache.catalina.valves.ErrorReportValve.invoke(ErrorReportValve.java:93)
	at org.apache.catalina.core.StandardEngineValve.invoke(StandardEngineValve.java:74)
	at org.apache.catalina.connector.CoyoteAdapter.service(CoyoteAdapter.java:344)
	at org.apache.coyote.http11.Http11Processor.service(Http11Processor.java:391)
	at org.apache.coyote.AbstractProcessorLight.process(AbstractProcessorLight.java:63)
	at org.apache.coyote.AbstractProtocol$ConnectionHandler.process(AbstractProtocol.java:896)
	at org.apache.tomcat.util.net.NioEndpoint$SocketProcessor.doRun(NioEndpoint.java:1744)
	at org.apache.tomcat.util.net.SocketProcessorBase.run(SocketProcessorBase.java:52)
	at org.apache.tomcat.util.threads.ThreadPoolExecutor.runWorker(ThreadPoolExecutor.java:1191)
	at org.apache.tomcat.util.threads.ThreadPoolExecutor$Worker.run(ThreadPoolExecutor.java:659)
	at org.apache.tomcat.util.threads.TaskThread$WrappingRunnable.run(TaskThread.java:63)
	at java.base/java.lang.Thread.run(Unknown Source)
2024-07-10 02:04:44.978 [main] INFO  c.e.stockData.StockDataApplication - Starting StockDataApplication v0.0.1-SNAPSHOT using Java 17.0.11 with PID 1 (/BOOT-INF/classes started by appuser in /)
2024-07-10 02:04:45.019 [main] INFO  c.e.stockData.StockDataApplication - No active profile set, falling back to 1 default profile: "default"
2024-07-10 02:06:19.798 [main] INFO  c.e.stockData.StockDataApplication - Started StockDataApplication in 115.925 seconds (process running for 133.745)
2024-07-10 02:06:19.882 [main] INFO  c.e.stockData.StockDataApplication - application started suaveira
2024-07-15 14:20:11.572 [main] INFO  c.e.stockData.StockDataApplication - Starting StockDataApplication v0.0.1-SNAPSHOT using Java 17.0.11 with PID 1 (/BOOT-INF/classes started by appuser in /)
2024-07-15 14:20:11.679 [main] INFO  c.e.stockData.StockDataApplication - No active profile set, falling back to 1 default profile: "default"
2024-07-15 14:21:24.527 [main] INFO  c.e.stockData.StockDataApplication - Started StockDataApplication in 87.347 seconds (process running for 103.918)
2024-07-15 14:21:24.561 [main] INFO  c.e.stockData.StockDataApplication - application started suaveira
2024-07-15 18:52:56.661 [main] INFO  c.e.stockData.StockDataApplication - Starting StockDataApplication v0.0.1-SNAPSHOT using Java 17.0.11 with PID 1 (/BOOT-INF/classes started by appuser in /)
2024-07-15 18:52:56.695 [main] INFO  c.e.stockData.StockDataApplication - No active profile set, falling back to 1 default profile: "default"
2024-07-15 18:53:45.629 [main] INFO  c.e.stockData.StockDataApplication - Started StockDataApplication in 59.982 seconds (process running for 80.925)
2024-07-15 18:53:45.663 [main] INFO  c.e.stockData.StockDataApplication - application started suaveira
2024-07-15 19:26:25.715 [http-nio-8090-exec-1] INFO  c.e.s.controllers.StockController - user attempt to save stock
2024-07-15 19:26:25.917 [http-nio-8090-exec-2] WARN  c.e.stockData.services.StockService - User tried to find stock that doesn't exist on database, stock: INVALIDSTOCKSYMBOL
2024-07-15 19:26:25.936 [http-nio-8090-exec-2] ERROR c.e.s.i.ControllerExceptionHandler - Error caught by controller exception handler
com.example.stockData.exceptions.InvalidSymbolException: Stock not found
	at com.example.stockData.services.StockService.findBySymbol(StockService.java:66)
	at com.example.stockData.controllers.StockController.getBySymbol(StockController.java:40)
	at java.base/jdk.internal.reflect.NativeMethodAccessorImpl.invoke0(Native Method)
	at java.base/jdk.internal.reflect.NativeMethodAccessorImpl.invoke(Unknown Source)
	at java.base/jdk.internal.reflect.DelegatingMethodAccessorImpl.invoke(Unknown Source)
	at java.base/java.lang.reflect.Method.invoke(Unknown Source)
	at org.springframework.web.method.support.InvocableHandlerMethod.doInvoke(InvocableHandlerMethod.java:255)
	at org.springframework.web.method.support.InvocableHandlerMethod.invokeForRequest(InvocableHandlerMethod.java:188)
	at org.springframework.web.servlet.mvc.method.annotation.ServletInvocableHandlerMethod.invokeAndHandle(ServletInvocableHandlerMethod.java:118)
	at org.springframework.web.servlet.mvc.method.annotation.RequestMappingHandlerAdapter.invokeHandlerMethod(RequestMappingHandlerAdapter.java:925)
	at org.springframework.web.servlet.mvc.method.annotation.RequestMappingHandlerAdapter.handleInternal(RequestMappingHandlerAdapter.java:830)
	at org.springframework.web.servlet.mvc.method.AbstractHandlerMethodAdapter.handle(AbstractHandlerMethodAdapter.java:87)
	at org.springframework.web.servlet.DispatcherServlet.doDispatch(DispatcherServlet.java:1089)
	at org.springframework.web.servlet.DispatcherServlet.doService(DispatcherServlet.java:979)
	at org.springframework.web.servlet.FrameworkServlet.processRequest(FrameworkServlet.java:1014)
	at org.springframework.web.servlet.FrameworkServlet.doGet(FrameworkServlet.java:903)
	at jakarta.servlet.http.HttpServlet.service(HttpServlet.java:564)
	at org.springframework.web.servlet.FrameworkServlet.service(FrameworkServlet.java:885)
	at jakarta.servlet.http.HttpServlet.service(HttpServlet.java:658)
	at org.apache.catalina.core.ApplicationFilterChain.internalDoFilter(ApplicationFilterChain.java:205)
	at org.apache.catalina.core.ApplicationFilterChain.doFilter(ApplicationFilterChain.java:149)
	at org.apache.tomcat.websocket.server.WsFilter.doFilter(WsFilter.java:51)
	at org.apache.catalina.core.ApplicationFilterChain.internalDoFilter(ApplicationFilterChain.java:174)
	at org.apache.catalina.core.ApplicationFilterChain.doFilter(ApplicationFilterChain.java:149)
	at org.springframework.web.filter.CompositeFilter$VirtualFilterChain.doFilter(CompositeFilter.java:108)
	at org.springframework.security.web.FilterChainProxy.lambda$doFilterInternal$3(FilterChainProxy.java:231)
	at org.springframework.security.web.FilterChainProxy$VirtualFilterChain.doFilter(FilterChainProxy.java:365)
	at org.springframework.security.web.access.intercept.AuthorizationFilter.doFilter(AuthorizationFilter.java:100)
	at org.springframework.security.web.FilterChainProxy$VirtualFilterChain.doFilter(FilterChainProxy.java:374)
	at org.springframework.security.web.access.ExceptionTranslationFilter.doFilter(ExceptionTranslationFilter.java:126)
	at org.springframework.security.web.access.ExceptionTranslationFilter.doFilter(ExceptionTranslationFilter.java:120)
	at org.springframework.security.web.FilterChainProxy$VirtualFilterChain.doFilter(FilterChainProxy.java:374)
	at org.springframework.security.web.authentication.AnonymousAuthenticationFilter.doFilter(AnonymousAuthenticationFilter.java:100)
	at org.springframework.security.web.FilterChainProxy$VirtualFilterChain.doFilter(FilterChainProxy.java:374)
	at org.springframework.security.web.servletapi.SecurityContextHolderAwareRequestFilter.doFilter(SecurityContextHolderAwareRequestFilter.java:179)
	at org.springframework.security.web.FilterChainProxy$VirtualFilterChain.doFilter(FilterChainProxy.java:374)
	at org.springframework.security.web.savedrequest.RequestCacheAwareFilter.doFilter(RequestCacheAwareFilter.java:63)
	at org.springframework.security.web.FilterChainProxy$VirtualFilterChain.doFilter(FilterChainProxy.java:374)
	at org.springframework.security.oauth2.server.resource.web.authentication.BearerTokenAuthenticationFilter.doFilterInternal(BearerTokenAuthenticationFilter.java:128)
	at org.springframework.web.filter.OncePerRequestFilter.doFilter(OncePerRequestFilter.java:116)
	at org.springframework.security.web.FilterChainProxy$VirtualFilterChain.doFilter(FilterChainProxy.java:374)
	at org.springframework.security.web.authentication.logout.LogoutFilter.doFilter(LogoutFilter.java:107)
	at org.springframework.security.web.authentication.logout.LogoutFilter.doFilter(LogoutFilter.java:93)
	at org.springframework.security.web.FilterChainProxy$VirtualFilterChain.doFilter(FilterChainProxy.java:374)
	at org.springframework.security.web.csrf.CsrfFilter.doFilterInternal(CsrfFilter.java:117)
	at org.springframework.web.filter.OncePerRequestFilter.doFilter(OncePerRequestFilter.java:116)
	at org.springframework.security.web.FilterChainProxy$VirtualFilterChain.doFilter(FilterChainProxy.java:374)
	at org.springframework.web.filter.CorsFilter.doFilterInternal(CorsFilter.java:91)
	at org.springframework.web.filter.OncePerRequestFilter.doFilter(OncePerRequestFilter.java:116)
	at org.springframework.security.web.FilterChainProxy$VirtualFilterChain.doFilter(FilterChainProxy.java:374)
	at org.springframework.security.web.header.HeaderWriterFilter.doHeadersAfter(HeaderWriterFilter.java:90)
	at org.springframework.security.web.header.HeaderWriterFilter.doFilterInternal(HeaderWriterFilter.java:75)
	at org.springframework.web.filter.OncePerRequestFilter.doFilter(OncePerRequestFilter.java:116)
	at org.springframework.security.web.FilterChainProxy$VirtualFilterChain.doFilter(FilterChainProxy.java:374)
	at org.springframework.security.web.context.SecurityContextHolderFilter.doFilter(SecurityContextHolderFilter.java:82)
	at org.springframework.security.web.context.SecurityContextHolderFilter.doFilter(SecurityContextHolderFilter.java:69)
	at org.springframework.security.web.FilterChainProxy$VirtualFilterChain.doFilter(FilterChainProxy.java:374)
	at org.springframework.security.web.context.request.async.WebAsyncManagerIntegrationFilter.doFilterInternal(WebAsyncManagerIntegrationFilter.java:62)
	at org.springframework.web.filter.OncePerRequestFilter.doFilter(OncePerRequestFilter.java:116)
	at org.springframework.security.web.FilterChainProxy$VirtualFilterChain.doFilter(FilterChainProxy.java:374)
	at org.springframework.security.web.session.DisableEncodeUrlFilter.doFilterInternal(DisableEncodeUrlFilter.java:42)
	at org.springframework.web.filter.OncePerRequestFilter.doFilter(OncePerRequestFilter.java:116)
	at org.springframework.security.web.FilterChainProxy$VirtualFilterChain.doFilter(FilterChainProxy.java:374)
	at org.springframework.security.web.FilterChainProxy.doFilterInternal(FilterChainProxy.java:233)
	at org.springframework.security.web.FilterChainProxy.doFilter(FilterChainProxy.java:191)
	at org.springframework.web.filter.CompositeFilter$VirtualFilterChain.doFilter(CompositeFilter.java:113)
	at org.springframework.web.servlet.handler.HandlerMappingIntrospector.lambda$createCacheFilter$3(HandlerMappingIntrospector.java:195)
	at org.springframework.web.filter.CompositeFilter$VirtualFilterChain.doFilter(CompositeFilter.java:113)
	at org.springframework.web.filter.CompositeFilter.doFilter(CompositeFilter.java:74)
	at org.springframework.security.config.annotation.web.configuration.WebMvcSecurityConfiguration$CompositeFilterChainProxy.doFilter(WebMvcSecurityConfiguration.java:230)
	at org.springframework.web.filter.DelegatingFilterProxy.invokeDelegate(DelegatingFilterProxy.java:352)
	at org.springframework.web.filter.DelegatingFilterProxy.doFilter(DelegatingFilterProxy.java:268)
	at org.apache.catalina.core.ApplicationFilterChain.internalDoFilter(ApplicationFilterChain.java:174)
	at org.apache.catalina.core.ApplicationFilterChain.doFilter(ApplicationFilterChain.java:149)
	at org.springframework.web.filter.RequestContextFilter.doFilterInternal(RequestContextFilter.java:100)
	at org.springframework.web.filter.OncePerRequestFilter.doFilter(OncePerRequestFilter.java:116)
	at org.apache.catalina.core.ApplicationFilterChain.internalDoFilter(ApplicationFilterChain.java:174)
	at org.apache.catalina.core.ApplicationFilterChain.doFilter(ApplicationFilterChain.java:149)
	at org.springframework.web.filter.FormContentFilter.doFilterInternal(FormContentFilter.java:93)
	at org.springframework.web.filter.OncePerRequestFilter.doFilter(OncePerRequestFilter.java:116)
	at org.apache.catalina.core.ApplicationFilterChain.internalDoFilter(ApplicationFilterChain.java:174)
	at org.apache.catalina.core.ApplicationFilterChain.doFilter(ApplicationFilterChain.java:149)
	at org.springframework.web.filter.CharacterEncodingFilter.doFilterInternal(CharacterEncodingFilter.java:201)
	at org.springframework.web.filter.OncePerRequestFilter.doFilter(OncePerRequestFilter.java:116)
	at org.apache.catalina.core.ApplicationFilterChain.internalDoFilter(ApplicationFilterChain.java:174)
	at org.apache.catalina.core.ApplicationFilterChain.doFilter(ApplicationFilterChain.java:149)
	at org.apache.catalina.core.StandardWrapperValve.invoke(StandardWrapperValve.java:167)
	at org.apache.catalina.core.StandardContextValve.invoke(StandardContextValve.java:90)
	at org.apache.catalina.authenticator.AuthenticatorBase.invoke(AuthenticatorBase.java:482)
	at org.apache.catalina.core.StandardHostValve.invoke(StandardHostValve.java:115)
	at org.apache.catalina.valves.ErrorReportValve.invoke(ErrorReportValve.java:93)
	at org.apache.catalina.core.StandardEngineValve.invoke(StandardEngineValve.java:74)
	at org.apache.catalina.connector.CoyoteAdapter.service(CoyoteAdapter.java:344)
	at org.apache.coyote.http11.Http11Processor.service(Http11Processor.java:391)
	at org.apache.coyote.AbstractProcessorLight.process(AbstractProcessorLight.java:63)
	at org.apache.coyote.AbstractProtocol$ConnectionHandler.process(AbstractProtocol.java:896)
	at org.apache.tomcat.util.net.NioEndpoint$SocketProcessor.doRun(NioEndpoint.java:1744)
	at org.apache.tomcat.util.net.SocketProcessorBase.run(SocketProcessorBase.java:52)
	at org.apache.tomcat.util.threads.ThreadPoolExecutor.runWorker(ThreadPoolExecutor.java:1191)
	at org.apache.tomcat.util.threads.ThreadPoolExecutor$Worker.run(ThreadPoolExecutor.java:659)
	at org.apache.tomcat.util.threads.TaskThread$WrappingRunnable.run(TaskThread.java:63)
	at java.base/java.lang.Thread.run(Unknown Source)
2024-07-16 13:33:47.586 [main] INFO  c.e.stockData.StockDataApplication - Starting StockDataApplication v0.0.1-SNAPSHOT using Java 17.0.11 with PID 1 (/BOOT-INF/classes started by appuser in /)
2024-07-16 13:33:47.636 [main] INFO  c.e.stockData.StockDataApplication - No active profile set, falling back to 1 default profile: "default"
2024-07-16 13:34:58.555 [main] INFO  c.e.stockData.StockDataApplication - Started StockDataApplication in 85.48 seconds (process running for 107.593)
2024-07-16 13:34:58.643 [main] INFO  c.e.stockData.StockDataApplication - application started suaveira
